<?xml version="1.0" encoding="UTF-8"?>
<testng-results skipped="0" failed="1" total="1" passed="0">
  <reporter-output>
  </reporter-output>
  <suite name="TestSuite" duration-ms="9892" started-at="2017-12-14T07:29:46Z" finished-at="2017-12-14T07:29:56Z">
    <groups>
    </groups>
    <test name="firefox" duration-ms="9892" started-at="2017-12-14T07:29:46Z" finished-at="2017-12-14T07:29:56Z">
      <class name="Com.Selenium.Basepage.Basepage">
        <test-method status="PASS" signature="get_Browser(java.lang.String)[pri:0, instance:Com.Selenium.Basepage.Basepage@42e26948]" name="get_Browser" is-config="true" duration-ms="6633" started-at="2017-12-14T12:59:46Z" finished-at="2017-12-14T12:59:52Z">
          <params>
            <param index="0">
              <value>
                <![CDATA[firefox]]>
              </value>
            </param>
          </params>
          <reporter-output>
          </reporter-output>
        </test-method> <!-- get_Browser -->
        <test-method status="FAIL" signature="Browser_url()[pri:0, instance:Com.Selenium.Basepage.Basepage@42e26948]" name="Browser_url" duration-ms="3236" started-at="2017-12-14T12:59:52Z" finished-at="2017-12-14T12:59:56Z">
          <exception class="java.lang.IndexOutOfBoundsException">
            <message>
              <![CDATA[Index: 5, Size: 5]]>
            </message>
            <full-stacktrace>
              <![CDATA[java.lang.IndexOutOfBoundsException: Index: 5, Size: 5
	at java.util.ArrayList.rangeCheck(ArrayList.java:653)
	at java.util.ArrayList.get(ArrayList.java:429)
	at Com.Selenium.Basepage.Basepage.select_each_droupdown(Basepage.java:169)
	at Com.Selenium.Basepage.Basepage.read_excel_sheet(Basepage.java:151)
	at Com.Selenium.Basepage.Basepage.write_Excel(Basepage.java:122)
	at Com.Selenium.Basepage.Basepage.select_droup_dwon_values(Basepage.java:81)
	at Com.Selenium.Basepage.Basepage.Browser_url(Basepage.java:72)
	at sun.reflect.NativeMethodAccessorImpl.invoke0(Native Method)
	at sun.reflect.NativeMethodAccessorImpl.invoke(NativeMethodAccessorImpl.java:62)
	at sun.reflect.DelegatingMethodAccessorImpl.invoke(DelegatingMethodAccessorImpl.java:43)
	at java.lang.reflect.Method.invoke(Method.java:498)
	at org.testng.internal.MethodInvocationHelper.invokeMethod(MethodInvocationHelper.java:86)
	at org.testng.internal.Invoker.invokeMethod(Invoker.java:646)
	at org.testng.internal.Invoker.invokeTestMethod(Invoker.java:823)
	at org.testng.internal.Invoker.invokeTestMethods(Invoker.java:1131)
	at org.testng.internal.TestMethodWorker.invokeTestMethods(TestMethodWorker.java:129)
	at org.testng.internal.TestMethodWorker.run(TestMethodWorker.java:112)
	at org.testng.TestRunner.privateRun(TestRunner.java:778)
	at org.testng.TestRunner.run(TestRunner.java:632)
	at org.testng.SuiteRunner.runTest(SuiteRunner.java:366)
	at org.testng.SuiteRunner.access$000(SuiteRunner.java:39)
	at org.testng.SuiteRunner$SuiteWorker.run(SuiteRunner.java:400)
	at org.testng.internal.thread.ThreadUtil$2.call(ThreadUtil.java:64)
	at java.util.concurrent.FutureTask.run(FutureTask.java:266)
	at java.util.concurrent.ThreadPoolExecutor.runWorker(ThreadPoolExecutor.java:1142)
	at java.util.concurrent.ThreadPoolExecutor$Worker.run(ThreadPoolExecutor.java:617)
	at java.lang.Thread.run(Thread.java:745)
]]>
            </full-stacktrace>
          </exception> <!-- java.lang.IndexOutOfBoundsException -->
          <reporter-output>
          </reporter-output>
        </test-method> <!-- Browser_url -->
      </class> <!-- Com.Selenium.Basepage.Basepage -->
    </test> <!-- firefox -->
  </suite> <!-- TestSuite -->
</testng-results>
