<?xml version="1.0" encoding="UTF-8"?>
<!-- Generated by org.testng.reporters.JUnitXMLReporter -->
<testsuite hostname="ADMIN-PC" name="AllTest" tests="1" failures="1" timestamp="14 Dec 2017 07:05:26 GMT" time="18.536" errors="0">
  <testcase name="get_Browser" time="18.506" classname="Com.Selenium.Basepage.Basepage">
    <failure type="org.openqa.selenium.WebDriverException" message="Failed to decode response from marionette
Build info: version: &amp;apos;3.4.0&amp;apos;, revision: &amp;apos;unknown&amp;apos;, time: &amp;apos;unknown&amp;apos;
System info: host: &amp;apos;ADMIN-PC&amp;apos;, ip: &amp;apos;192.168.0.127&amp;apos;, os.name: &amp;apos;Windows 7&amp;apos;, os.arch: &amp;apos;amd64&amp;apos;, os.version: &amp;apos;6.1&amp;apos;, java.version: &amp;apos;1.8.0_77&amp;apos;
Driver info: org.openqa.selenium.firefox.FirefoxDriver
Capabilities [{moz:profile=C:\Users\ADMIN\AppData\Local\Temp\rust_mozprofile.cE2ys15dNgzK, rotatable=false, timeouts={implicit=0.0, pageLoad=300000.0, script=30000.0}, pageLoadStrategy=normal, platform=ANY, specificationLevel=0.0, moz:accessibilityChecks=false, acceptInsecureCerts=false, browserVersion=54.0.1, platformVersion=6.1, moz:processID=17804.0, browserName=firefox, javascriptEnabled=true, platformName=windows_nt}]
Session ID: e5d431f8-f131-47b6-8783-23eb5c07b34b">
      <![CDATA[org.openqa.selenium.WebDriverException: Failed to decode response from marionette
Build info: version: '3.4.0', revision: 'unknown', time: 'unknown'
System info: host: 'ADMIN-PC', ip: '192.168.0.127', os.name: 'Windows 7', os.arch: 'amd64', os.version: '6.1', java.version: '1.8.0_77'
Driver info: org.openqa.selenium.firefox.FirefoxDriver
Capabilities [{moz:profile=C:\Users\ADMIN\AppData\Local\Temp\rust_mozprofile.cE2ys15dNgzK, rotatable=false, timeouts={implicit=0.0, pageLoad=300000.0, script=30000.0}, pageLoadStrategy=normal, platform=ANY, specificationLevel=0.0, moz:accessibilityChecks=false, acceptInsecureCerts=false, browserVersion=54.0.1, platformVersion=6.1, moz:processID=17804.0, browserName=firefox, javascriptEnabled=true, platformName=windows_nt}]
Session ID: e5d431f8-f131-47b6-8783-23eb5c07b34b
	at org.openqa.selenium.remote.http.W3CHttpResponseCodec.createException(W3CHttpResponseCodec.java:150)
	at org.openqa.selenium.remote.http.W3CHttpResponseCodec.decode(W3CHttpResponseCodec.java:115)
	at org.openqa.selenium.remote.http.W3CHttpResponseCodec.decode(W3CHttpResponseCodec.java:45)
	at org.openqa.selenium.remote.HttpCommandExecutor.execute(HttpCommandExecutor.java:164)
	at org.openqa.selenium.remote.service.DriverCommandExecutor.execute(DriverCommandExecutor.java:82)
	at org.openqa.selenium.remote.RemoteWebDriver.execute(RemoteWebDriver.java:637)
	at org.openqa.selenium.remote.RemoteWebDriver.get(RemoteWebDriver.java:364)
	at Com.Selenium.Basepage.Basepage.get_Browser(Basepage.java:50)
	at java.util.concurrent.FutureTask.run(FutureTask.java:266)
	at java.util.concurrent.ThreadPoolExecutor.runWorker(ThreadPoolExecutor.java:1142)
	at java.util.concurrent.ThreadPoolExecutor$Worker.run(ThreadPoolExecutor.java:617)
	at java.lang.Thread.run(Thread.java:745)
... Removed 20 stack frames]]>
    </failure>
  </testcase> <!-- get_Browser -->
</testsuite> <!-- AllTest -->
