<?xml version="1.0" encoding="UTF-8"?>
<!-- Generated by org.testng.reporters.JUnitXMLReporter -->
<testsuite hostname="ADMIN-PC" name="firefox" tests="1" failures="1" timestamp="14 Dec 2017 07:29:56 GMT" time="9.892" errors="0">
  <testcase name="Browser_url" time="3.236" classname="Com.Selenium.Basepage.Basepage">
    <failure type="java.lang.IndexOutOfBoundsException" message="Index: 5, Size: 5">
      <![CDATA[java.lang.IndexOutOfBoundsException: Index: 5, Size: 5
	at java.util.ArrayList.rangeCheck(ArrayList.java:653)
	at java.util.ArrayList.get(ArrayList.java:429)
	at Com.Selenium.Basepage.Basepage.select_each_droupdown(Basepage.java:169)
	at Com.Selenium.Basepage.Basepage.read_excel_sheet(Basepage.java:151)
	at Com.Selenium.Basepage.Basepage.write_Excel(Basepage.java:122)
	at Com.Selenium.Basepage.Basepage.select_droup_dwon_values(Basepage.java:81)
	at Com.Selenium.Basepage.Basepage.Browser_url(Basepage.java:72)
	at java.util.concurrent.FutureTask.run(FutureTask.java:266)
	at java.util.concurrent.ThreadPoolExecutor.runWorker(ThreadPoolExecutor.java:1142)
	at java.util.concurrent.ThreadPoolExecutor$Worker.run(ThreadPoolExecutor.java:617)
	at java.lang.Thread.run(Thread.java:745)
... Removed 16 stack frames]]>
    </failure>
  </testcase> <!-- Browser_url -->
</testsuite> <!-- firefox -->
